Release 14.7 - xst P.20131013 (lin64)
Copyright (c) 1995-2013 Xilinx, Inc.  All rights reserved.
--> 
Parameter TMPDIR set to xst/projnav.tmp


Total REAL time to Xst completion: 0.00 secs
Total CPU time to Xst completion: 0.03 secs
 
--> 
Parameter xsthdpdir set to xst


Total REAL time to Xst completion: 0.00 secs
Total CPU time to Xst completion: 0.03 secs
 
--> 
Reading design: Microprocessor.prj

TABLE OF CONTENTS
  1) Synthesis Options Summary
  2) HDL Compilation
  3) Design Hierarchy Analysis
  4) HDL Analysis
  5) HDL Synthesis
     5.1) HDL Synthesis Report
  6) Advanced HDL Synthesis
     6.1) Advanced HDL Synthesis Report
  7) Low Level Synthesis
  8) Partition Report
  9) Final Report
	9.1) Device utilization summary
	9.2) Partition Resource Summary
	9.3) TIMING REPORT


=========================================================================
*                      Synthesis Options Summary                        *
=========================================================================
---- Source Parameters
Input File Name                    : "Microprocessor.prj"
Input Format                       : mixed
Ignore Synthesis Constraint File   : NO

---- Target Parameters
Output File Name                   : "Microprocessor"
Output Format                      : NGC
Target Device                      : xc3s50an-4-tqg144

---- Source Options
Top Module Name                    : Microprocessor
Automatic FSM Extraction           : YES
FSM Encoding Algorithm             : Auto
Safe Implementation                : No
FSM Style                          : LUT
RAM Extraction                     : Yes
RAM Style                          : Auto
ROM Extraction                     : Yes
Mux Style                          : Auto
Decoder Extraction                 : YES
Priority Encoder Extraction        : Yes
Shift Register Extraction          : YES
Logical Shifter Extraction         : YES
XOR Collapsing                     : YES
ROM Style                          : Auto
Mux Extraction                     : Yes
Resource Sharing                   : YES
Asynchronous To Synchronous        : NO
Multiplier Style                   : Auto
Automatic Register Balancing       : No

---- Target Options
Add IO Buffers                     : YES
Global Maximum Fanout              : 100000
Add Generic Clock Buffer(BUFG)     : 24
Register Duplication               : YES
Slice Packing                      : YES
Optimize Instantiated Primitives   : NO
Use Clock Enable                   : Yes
Use Synchronous Set                : Yes
Use Synchronous Reset              : Yes
Pack IO Registers into IOBs        : Auto
Equivalent register Removal        : YES

---- General Options
Optimization Goal                  : Speed
Optimization Effort                : 1
Keep Hierarchy                     : No
Netlist Hierarchy                  : As_Optimized
RTL Output                         : Yes
Global Optimization                : AllClockNets
Read Cores                         : YES
Write Timing Constraints           : NO
Cross Clock Analysis               : NO
Hierarchy Separator                : /
Bus Delimiter                      : <>
Case Specifier                     : Maintain
Slice Utilization Ratio            : 100
BRAM Utilization Ratio             : 100
Verilog 2001                       : YES
Auto BRAM Packing                  : NO
Slice Utilization Ratio Delta      : 5

=========================================================================


=========================================================================
*                          HDL Compilation                              *
=========================================================================
Compiling verilog file "RegisterFile.v" in library work
Compiling verilog file "ProgramCounter.v" in library work
Module <RegisterFile> compiled
Compiling verilog file "Hex_to_7segment.v" in library work
Module <ProgramCounter> compiled
Compiling verilog file "FrequencyDivider.v" in library work
Module <Hex_to_7seg> compiled
Compiling verilog file "DataMemory.v" in library work
Module <FrequencyDivider> compiled
Compiling verilog file "ControlUnit.v" in library work
Module <DataMemory> compiled
Compiling verilog file "ALU.v" in library work
Module <ControlUnit> compiled
Compiling verilog file "Microprocessor.v" in library work
Module <ALU> compiled
Module <Microprocessor> compiled
No errors in compilation
Analysis of file <"Microprocessor.prj"> succeeded.
 

=========================================================================
*                     Design Hierarchy Analysis                         *
=========================================================================
Analyzing hierarchy for module <Microprocessor> in library <work>.

Analyzing hierarchy for module <FrequencyDivider> in library <work>.

Analyzing hierarchy for module <ControlUnit> in library <work>.

Analyzing hierarchy for module <RegisterFile> in library <work>.

Analyzing hierarchy for module <ALU> in library <work>.

Analyzing hierarchy for module <DataMemory> in library <work>.

Analyzing hierarchy for module <ProgramCounter> in library <work>.

Analyzing hierarchy for module <Hex_to_7seg> in library <work>.


=========================================================================
*                            HDL Analysis                               *
=========================================================================
Analyzing top module <Microprocessor>.
Module <Microprocessor> is correct for synthesis.
 
Analyzing module <FrequencyDivider> in library <work>.
Module <FrequencyDivider> is correct for synthesis.
 
Analyzing module <ControlUnit> in library <work>.
Module <ControlUnit> is correct for synthesis.
 
Analyzing module <RegisterFile> in library <work>.
Module <RegisterFile> is correct for synthesis.
 
Analyzing module <ALU> in library <work>.
Module <ALU> is correct for synthesis.
 
Analyzing module <DataMemory> in library <work>.
Module <DataMemory> is correct for synthesis.
 
Analyzing module <ProgramCounter> in library <work>.
Module <ProgramCounter> is correct for synthesis.
 
Analyzing module <Hex_to_7seg> in library <work>.
Module <Hex_to_7seg> is correct for synthesis.
 

=========================================================================
*                           HDL Synthesis                               *
=========================================================================

Performing bidirectional port resolution...
INFO:Xst:2679 - Register <i> in unit <DataMemory> has a constant value of 100000 during circuit operation. The register is replaced by logic.

Synthesizing Unit <FrequencyDivider>.
    Related source file is "FrequencyDivider.v".
    Found 1-bit register for signal <clkout>.
    Found 32-bit up counter for signal <cnt>.
    Summary:
	inferred   1 Counter(s).
	inferred   1 D-type flip-flop(s).
Unit <FrequencyDivider> synthesized.


Synthesizing Unit <ControlUnit>.
    Related source file is "ControlUnit.v".
    Found 4x5-bit ROM for signal <op$rom0000>.
    Summary:
	inferred   1 ROM(s).
Unit <ControlUnit> synthesized.


Synthesizing Unit <RegisterFile>.
    Related source file is "RegisterFile.v".
    Found 32-bit register for signal <registers>.
    Summary:
	inferred  32 D-type flip-flop(s).
	inferred  16 Multiplexer(s).
Unit <RegisterFile> synthesized.


Synthesizing Unit <ALU>.
    Related source file is "ALU.v".
    Found 8-bit adder for signal <Y>.
    Summary:
	inferred   1 Adder/Subtractor(s).
Unit <ALU> synthesized.


Synthesizing Unit <DataMemory>.
    Related source file is "DataMemory.v".
WARNING:Xst:647 - Input <address<7:5>> is never used. This port will be preserved and left unconnected if it belongs to a top-level block or it belongs to a sub-block and the hierarchy of this sub-block is preserved.
    Found 256-bit register for signal <memory>.
INFO:Xst:738 - HDL ADVISOR - 256 flip-flops were inferred for signal <memory>. You may be trying to describe a RAM in a way that is incompatible with block and distributed RAM resources available on Xilinx devices, or with a specific template that is not supported. Please review the Xilinx resources documentation and the XST user manual for coding guidelines. Taking advantage of RAM resources will lead to improved device usage and reduced synthesis time.
    Summary:
	inferred  24 D-type flip-flop(s).
	inferred   8 Multiplexer(s).
Unit <DataMemory> synthesized.


Synthesizing Unit <ProgramCounter>.
    Related source file is "ProgramCounter.v".
    Found 8-bit register for signal <PC>.
    Summary:
	inferred   8 D-type flip-flop(s).
Unit <ProgramCounter> synthesized.


Synthesizing Unit <Hex_to_7seg>.
    Related source file is "Hex_to_7segment.v".
    Found 16x7-bit ROM for signal <seg>.
    Summary:
	inferred   1 ROM(s).
Unit <Hex_to_7seg> synthesized.


Synthesizing Unit <Microprocessor>.
    Related source file is "Microprocessor.v".
    Found 8-bit addsub for signal <MemoryAddress$addsub0000>.
    Found 8-bit addsub for signal <nextPC$share0000>.
    Found 8-bit 4-to-1 multiplexer for signal <writeData>.
    Summary:
	inferred   2 Adder/Subtractor(s).
	inferred   8 Multiplexer(s).
Unit <Microprocessor> synthesized.

INFO:Xst:1767 - HDL ADVISOR - Resource sharing has identified that some arithmetic operations in this design can share the same physical resources for reduced device utilization. For improved clock frequency you may try to disable resource sharing.

=========================================================================
HDL Synthesis Report

Macro Statistics
# ROMs                                                 : 5
 16x7-bit ROM                                          : 4
 4x5-bit ROM                                           : 1
# Adders/Subtractors                                   : 3
 8-bit adder                                           : 1
 8-bit addsub                                          : 2
# Counters                                             : 1
 32-bit up counter                                     : 1
# Registers                                            : 38
 1-bit register                                        : 1
 8-bit register                                        : 37
# Multiplexers                                         : 4
 8-bit 32-to-1 multiplexer                             : 1
 8-bit 4-to-1 multiplexer                              : 3

=========================================================================

=========================================================================
*                       Advanced HDL Synthesis                          *
=========================================================================


=========================================================================
Advanced HDL Synthesis Report

Macro Statistics
# ROMs                                                 : 5
 16x7-bit ROM                                          : 4
 4x5-bit ROM                                           : 1
# Adders/Subtractors                                   : 3
 8-bit adder                                           : 1
 8-bit addsub                                          : 2
# Counters                                             : 1
 32-bit up counter                                     : 1
# Registers                                            : 297
 Flip-Flops                                            : 297
# Multiplexers                                         : 18
 1-bit 4-to-1 multiplexer                              : 16
 8-bit 32-to-1 multiplexer                             : 1
 8-bit 4-to-1 multiplexer                              : 1

=========================================================================

=========================================================================
*                         Low Level Synthesis                           *
=========================================================================

Optimizing unit <Microprocessor> ...

Optimizing unit <RegisterFile> ...

Optimizing unit <ProgramCounter> ...

Optimizing unit <DataMemory> ...

Mapping all equations...
Building and optimizing final netlist ...
Found area constraint ratio of 100 (+ 5) on block Microprocessor, actual ratio is 42.

Final Macro Processing ...

=========================================================================
Final Register Report

Macro Statistics
# Registers                                            : 329
 Flip-Flops                                            : 329

=========================================================================

=========================================================================
*                           Partition Report                            *
=========================================================================

Partition Implementation Status
-------------------------------

  No Partitions were found in this design.

-------------------------------

=========================================================================
*                            Final Report                               *
=========================================================================
Final Results
RTL Top Level Output File Name     : Microprocessor.ngr
Top Level Output File Name         : Microprocessor
Output Format                      : NGC
Optimization Goal                  : Speed
Keep Hierarchy                     : No

Design Statistics
# IOs                              : 47

Cell Usage :
# BELS                             : 580
#      GND                         : 1
#      INV                         : 2
#      LUT1                        : 31
#      LUT2                        : 18
#      LUT3                        : 206
#      LUT3_L                      : 6
#      LUT4                        : 57
#      LUT4_D                      : 9
#      LUT4_L                      : 1
#      MUXCY                       : 57
#      MUXF5                       : 82
#      MUXF6                       : 32
#      MUXF7                       : 16
#      MUXF8                       : 8
#      VCC                         : 1
#      XORCY                       : 53
# FlipFlops/Latches                : 329
#      FDCE                        : 172
#      FDPE                        : 124
#      FDR                         : 32
#      FDRE                        : 1
# Clock Buffers                    : 2
#      BUFG                        : 1
#      BUFGP                       : 1
# IO Buffers                       : 46
#      IBUF                        : 9
#      OBUF                        : 37
=========================================================================

Device utilization summary:
---------------------------

Selected Device : 3s50antqg144-4 

 Number of Slices:                      293  out of    704    41%  
 Number of Slice Flip Flops:            329  out of   1408    23%  
 Number of 4 input LUTs:                330  out of   1408    23%  
 Number of IOs:                          47
 Number of bonded IOBs:                  47  out of    108    43%  
 Number of GCLKs:                         2  out of     24     8%  

---------------------------
Partition Resource Summary:
---------------------------

  No Partitions were found in this design.

---------------------------


=========================================================================
TIMING REPORT

NOTE: THESE TIMING NUMBERS ARE ONLY A SYNTHESIS ESTIMATE.
      FOR ACCURATE TIMING INFORMATION PLEASE REFER TO THE TRACE REPORT
      GENERATED AFTER PLACE-and-ROUTE.

Clock Information:
------------------
-----------------------------------+------------------------+-------+
Clock Signal                       | Clock buffer(FF name)  | Load  |
-----------------------------------+------------------------+-------+
oscillator                         | BUFGP                  | 33    |
clock/clkout1                      | BUFG                   | 296   |
-----------------------------------+------------------------+-------+

Asynchronous Control Signals Information:
----------------------------------------
-----------------------------------+------------------------+-------+
Control Signal                     | Buffer(FF name)        | Load  |
-----------------------------------+------------------------+-------+
reset                              | IBUF                   | 296   |
-----------------------------------+------------------------+-------+

Timing Summary:
---------------
Speed Grade: -4

   Minimum period: 10.127ns (Maximum Frequency: 98.747MHz)
   Minimum input arrival time before clock: 11.040ns
   Maximum output required time after clock: 16.471ns
   Maximum combinational path delay: 17.384ns

Timing Detail:
--------------
All values displayed in nanoseconds (ns)

=========================================================================
Timing constraint: Default period analysis for Clock 'oscillator'
  Clock period: 6.293ns (frequency: 158.901MHz)
  Total number of paths / destination ports: 1585 / 66
-------------------------------------------------------------------------
Delay:               6.293ns (Levels of Logic = 10)
  Source:            clock/cnt_8 (FF)
  Destination:       clock/cnt_0 (FF)
  Source Clock:      oscillator rising
  Destination Clock: oscillator rising

  Data Path: clock/cnt_8 to clock/cnt_0
                                Gate     Net
    Cell:in->out      fanout   Delay   Delay  Logical Name (Net Name)
    ----------------------------------------  ------------
     FDR:C->Q              2   0.591   0.590  clock/cnt_8 (clock/cnt_8)
     LUT4:I0->O            1   0.648   0.000  clock/cnt_or00001_wg_lut<0> (clock/cnt_or00001_wg_lut<0>)
     MUXCY:S->O            1   0.632   0.000  clock/cnt_or00001_wg_cy<0> (clock/cnt_or00001_wg_cy<0>)
     MUXCY:CI->O           1   0.065   0.000  clock/cnt_or00001_wg_cy<1> (clock/cnt_or00001_wg_cy<1>)
     MUXCY:CI->O           1   0.065   0.000  clock/cnt_or00001_wg_cy<2> (clock/cnt_or00001_wg_cy<2>)
     MUXCY:CI->O           1   0.065   0.000  clock/cnt_or00001_wg_cy<3> (clock/cnt_or00001_wg_cy<3>)
     MUXCY:CI->O           1   0.065   0.000  clock/cnt_or00001_wg_cy<4> (clock/cnt_or00001_wg_cy<4>)
     MUXCY:CI->O           1   0.065   0.000  clock/cnt_or00001_wg_cy<5> (clock/cnt_or00001_wg_cy<5>)
     MUXCY:CI->O           1   0.065   0.000  clock/cnt_or00001_wg_cy<6> (clock/cnt_or00001_wg_cy<6>)
     MUXCY:CI->O           2   0.141   0.527  clock/cnt_or00001_wg_cy<7> (clock/clkout_cmp_eq0000)
     LUT2:I1->O           32   0.643   1.262  clock/cnt_or00001 (clock/cnt_or0000)
     FDR:R                     0.869          clock/cnt_0
    ----------------------------------------
    Total                      6.293ns (3.914ns logic, 2.379ns route)
                                       (62.2% logic, 37.8% route)

=========================================================================
Timing constraint: Default period analysis for Clock 'clock/clkout1'
  Clock period: 10.127ns (frequency: 98.747MHz)
  Total number of paths / destination ports: 49328 / 552
-------------------------------------------------------------------------
Delay:               10.127ns (Levels of Logic = 11)
  Source:            rf/registers_0_0 (FF)
  Destination:       rf/registers_3_1 (FF)
  Source Clock:      clock/clkout1 rising
  Destination Clock: clock/clkout1 rising

  Data Path: rf/registers_0_0 to rf/registers_3_1
                                Gate     Net
    Cell:in->out      fanout   Delay   Delay  Logical Name (Net Name)
    ----------------------------------------  ------------
     FDCE:C->Q             2   0.591   0.527  rf/registers_0_0 (rf/registers_0_0)
     LUT3:I1->O            1   0.643   0.000  rf/mux_2_f5_F (N91)
     MUXF5:I0->O           3   0.276   0.563  rf/mux_2_f5 (rsData<0>)
     LUT3:I2->O            1   0.648   0.000  Maddsub_MemoryAddress_addsub0000_lut<0> (Maddsub_MemoryAddress_addsub0000_lut<0>)
     MUXCY:S->O            1   0.632   0.000  Maddsub_MemoryAddress_addsub0000_cy<0> (Maddsub_MemoryAddress_addsub0000_cy<0>)
     XORCY:CI->O           1   0.844   0.423  Maddsub_MemoryAddress_addsub0000_xor<1> (MemoryAddress_addsub0000<1>)
     LUT4:I3->O           72   0.648   1.275  MemoryAddress<1>1 (MemoryAddress<1>)
     MUXF5:S->O            1   0.756   0.000  dm/Mmux__COND_3_5_f5_0 (dm/Mmux__COND_3_5_f51)
     MUXF6:I1->O           1   0.291   0.000  dm/Mmux__COND_3_4_f6_0 (dm/Mmux__COND_3_4_f61)
     MUXF7:I1->O           1   0.291   0.000  dm/Mmux__COND_3_3_f7_0 (dm/Mmux__COND_3_3_f71)
     MUXF8:I1->O           1   0.291   0.420  dm/Mmux__COND_3_2_f8_0 (dm/_COND_3<1>)
     MUXF5:S->O           11   0.756   0.000  Mmux_writeData6 (writeData<1>)
     FDCE:D                    0.252          rf/registers_2_1
    ----------------------------------------
    Total                     10.127ns (6.919ns logic, 3.208ns route)
                                       (68.3% logic, 31.7% route)

=========================================================================
Timing constraint: Default OFFSET IN BEFORE for Clock 'oscillator'
  Total number of paths / destination ports: 33 / 33
-------------------------------------------------------------------------
Offset:              5.117ns (Levels of Logic = 2)
  Source:            reset (PAD)
  Destination:       clock/cnt_0 (FF)
  Destination Clock: oscillator rising

  Data Path: reset to clock/cnt_0
                                Gate     Net
    Cell:in->out      fanout   Delay   Delay  Logical Name (Net Name)
    ----------------------------------------  ------------
     IBUF:I->O           298   0.849   1.489  reset_IBUF (reset_IBUF)
     LUT2:I0->O           32   0.648   1.262  clock/cnt_or00001 (clock/cnt_or0000)
     FDR:R                     0.869          clock/cnt_0
    ----------------------------------------
    Total                      5.117ns (2.366ns logic, 2.751ns route)
                                       (46.2% logic, 53.8% route)

=========================================================================
Timing constraint: Default OFFSET IN BEFORE for Clock 'clock/clkout1'
  Total number of paths / destination ports: 57788 / 592
-------------------------------------------------------------------------
Offset:              11.040ns (Levels of Logic = 12)
  Source:            instruction<4> (PAD)
  Destination:       rf/registers_3_1 (FF)
  Destination Clock: clock/clkout1 rising

  Data Path: instruction<4> to rf/registers_3_1
                                Gate     Net
    Cell:in->out      fanout   Delay   Delay  Logical Name (Net Name)
    ----------------------------------------  ------------
     IBUF:I->O            16   0.849   1.177  instruction_4_IBUF (instruction_4_IBUF)
     LUT3:I0->O            1   0.648   0.000  rf/mux_2_f5_F (N91)
     MUXF5:I0->O           3   0.276   0.563  rf/mux_2_f5 (rsData<0>)
     LUT3:I2->O            1   0.648   0.000  Maddsub_MemoryAddress_addsub0000_lut<0> (Maddsub_MemoryAddress_addsub0000_lut<0>)
     MUXCY:S->O            1   0.632   0.000  Maddsub_MemoryAddress_addsub0000_cy<0> (Maddsub_MemoryAddress_addsub0000_cy<0>)
     XORCY:CI->O           1   0.844   0.423  Maddsub_MemoryAddress_addsub0000_xor<1> (MemoryAddress_addsub0000<1>)
     LUT4:I3->O           72   0.648   1.275  MemoryAddress<1>1 (MemoryAddress<1>)
     MUXF5:S->O            1   0.756   0.000  dm/Mmux__COND_3_5_f5_0 (dm/Mmux__COND_3_5_f51)
     MUXF6:I1->O           1   0.291   0.000  dm/Mmux__COND_3_4_f6_0 (dm/Mmux__COND_3_4_f61)
     MUXF7:I1->O           1   0.291   0.000  dm/Mmux__COND_3_3_f7_0 (dm/Mmux__COND_3_3_f71)
     MUXF8:I1->O           1   0.291   0.420  dm/Mmux__COND_3_2_f8_0 (dm/_COND_3<1>)
     MUXF5:S->O           11   0.756   0.000  Mmux_writeData6 (writeData<1>)
     FDCE:D                    0.252          rf/registers_2_1
    ----------------------------------------
    Total                     11.040ns (7.182ns logic, 3.858ns route)
                                       (65.1% logic, 34.9% route)

=========================================================================
Timing constraint: Default OFFSET OUT AFTER for Clock 'oscillator'
  Total number of paths / destination ports: 1 / 1
-------------------------------------------------------------------------
Offset:              5.642ns (Levels of Logic = 1)
  Source:            clock/clkout (FF)
  Destination:       clocksignal (PAD)
  Source Clock:      oscillator rising

  Data Path: clock/clkout to clocksignal
                                Gate     Net
    Cell:in->out      fanout   Delay   Delay  Logical Name (Net Name)
    ----------------------------------------  ------------
     FDRE:C->Q             3   0.591   0.531  clock/clkout (clock/clkout1)
     OBUF:I->O                 4.520          clocksignal_OBUF (clocksignal)
    ----------------------------------------
    Total                      5.642ns (5.111ns logic, 0.531ns route)
                                       (90.6% logic, 9.4% route)

=========================================================================
Timing constraint: Default OFFSET OUT AFTER for Clock 'clock/clkout1'
  Total number of paths / destination ports: 30724 / 36
-------------------------------------------------------------------------
Offset:              16.471ns (Levels of Logic = 13)
  Source:            rf/registers_0_0 (FF)
  Destination:       seg2<6> (PAD)
  Source Clock:      clock/clkout1 rising

  Data Path: rf/registers_0_0 to seg2<6>
                                Gate     Net
    Cell:in->out      fanout   Delay   Delay  Logical Name (Net Name)
    ----------------------------------------  ------------
     FDCE:C->Q             2   0.591   0.527  rf/registers_0_0 (rf/registers_0_0)
     LUT3:I1->O            1   0.643   0.000  rf/mux_2_f5_F (N91)
     MUXF5:I0->O           3   0.276   0.563  rf/mux_2_f5 (rsData<0>)
     LUT3:I2->O            1   0.648   0.000  Maddsub_MemoryAddress_addsub0000_lut<0> (Maddsub_MemoryAddress_addsub0000_lut<0>)
     MUXCY:S->O            1   0.632   0.000  Maddsub_MemoryAddress_addsub0000_cy<0> (Maddsub_MemoryAddress_addsub0000_cy<0>)
     XORCY:CI->O           1   0.844   0.423  Maddsub_MemoryAddress_addsub0000_xor<1> (MemoryAddress_addsub0000<1>)
     LUT4:I3->O           72   0.648   1.275  MemoryAddress<1>1 (MemoryAddress<1>)
     MUXF5:S->O            1   0.756   0.000  dm/Mmux__COND_3_5_f5_0 (dm/Mmux__COND_3_5_f51)
     MUXF6:I1->O           1   0.291   0.000  dm/Mmux__COND_3_4_f6_0 (dm/Mmux__COND_3_4_f61)
     MUXF7:I1->O           1   0.291   0.000  dm/Mmux__COND_3_3_f7_0 (dm/Mmux__COND_3_3_f71)
     MUXF8:I1->O           1   0.291   0.420  dm/Mmux__COND_3_2_f8_0 (dm/_COND_3<1>)
     MUXF5:S->O           11   0.756   1.013  Mmux_writeData6 (writeData<1>)
     LUT4:I1->O            1   0.643   0.420  display2/Mrom_seg61 (seg2_6_OBUF)
     OBUF:I->O                 4.520          seg2_6_OBUF (seg2<6>)
    ----------------------------------------
    Total                     16.471ns (11.830ns logic, 4.641ns route)
                                       (71.8% logic, 28.2% route)

=========================================================================
Timing constraint: Default path analysis
  Total number of paths / destination ports: 35245 / 14
-------------------------------------------------------------------------
Delay:               17.384ns (Levels of Logic = 14)
  Source:            instruction<4> (PAD)
  Destination:       seg2<6> (PAD)

  Data Path: instruction<4> to seg2<6>
                                Gate     Net
    Cell:in->out      fanout   Delay   Delay  Logical Name (Net Name)
    ----------------------------------------  ------------
     IBUF:I->O            16   0.849   1.177  instruction_4_IBUF (instruction_4_IBUF)
     LUT3:I0->O            1   0.648   0.000  rf/mux_2_f5_F (N91)
     MUXF5:I0->O           3   0.276   0.563  rf/mux_2_f5 (rsData<0>)
     LUT3:I2->O            1   0.648   0.000  Maddsub_MemoryAddress_addsub0000_lut<0> (Maddsub_MemoryAddress_addsub0000_lut<0>)
     MUXCY:S->O            1   0.632   0.000  Maddsub_MemoryAddress_addsub0000_cy<0> (Maddsub_MemoryAddress_addsub0000_cy<0>)
     XORCY:CI->O           1   0.844   0.423  Maddsub_MemoryAddress_addsub0000_xor<1> (MemoryAddress_addsub0000<1>)
     LUT4:I3->O           72   0.648   1.275  MemoryAddress<1>1 (MemoryAddress<1>)
     MUXF5:S->O            1   0.756   0.000  dm/Mmux__COND_3_5_f5_0 (dm/Mmux__COND_3_5_f51)
     MUXF6:I1->O           1   0.291   0.000  dm/Mmux__COND_3_4_f6_0 (dm/Mmux__COND_3_4_f61)
     MUXF7:I1->O           1   0.291   0.000  dm/Mmux__COND_3_3_f7_0 (dm/Mmux__COND_3_3_f71)
     MUXF8:I1->O           1   0.291   0.420  dm/Mmux__COND_3_2_f8_0 (dm/_COND_3<1>)
     MUXF5:S->O           11   0.756   1.013  Mmux_writeData6 (writeData<1>)
     LUT4:I1->O            1   0.643   0.420  display2/Mrom_seg61 (seg2_6_OBUF)
     OBUF:I->O                 4.520          seg2_6_OBUF (seg2<6>)
    ----------------------------------------
    Total                     17.384ns (12.093ns logic, 5.291ns route)
                                       (69.6% logic, 30.4% route)

=========================================================================


Total REAL time to Xst completion: 6.00 secs
Total CPU time to Xst completion: 4.15 secs
 
--> 


Total memory usage is 520024 kilobytes

Number of errors   :    0 (   0 filtered)
Number of warnings :    1 (   0 filtered)
Number of infos    :    3 (   0 filtered)

