Release 14.7 - xst P.20131013 (lin64)
Copyright (c) 1995-2013 Xilinx, Inc.  All rights reserved.
--> 
Parameter TMPDIR set to xst/projnav.tmp


Total REAL time to Xst completion: 0.00 secs
Total CPU time to Xst completion: 0.10 secs
 
--> 
Parameter xsthdpdir set to xst


Total REAL time to Xst completion: 0.00 secs
Total CPU time to Xst completion: 0.10 secs
 
--> 
Reading design: Microprocessor.prj

TABLE OF CONTENTS
  1) Synthesis Options Summary
  2) HDL Compilation
  3) Design Hierarchy Analysis
  4) HDL Analysis
  5) HDL Synthesis
     5.1) HDL Synthesis Report
  6) Advanced HDL Synthesis
     6.1) Advanced HDL Synthesis Report
  7) Low Level Synthesis
  8) Partition Report
  9) Final Report
	9.1) Device utilization summary
	9.2) Partition Resource Summary
	9.3) TIMING REPORT


=========================================================================
*                      Synthesis Options Summary                        *
=========================================================================
---- Source Parameters
Input File Name                    : "Microprocessor.prj"
Input Format                       : mixed
Ignore Synthesis Constraint File   : NO

---- Target Parameters
Output File Name                   : "Microprocessor"
Output Format                      : NGC
Target Device                      : xc3s50an-4-tqg144

---- Source Options
Top Module Name                    : Microprocessor
Automatic FSM Extraction           : YES
FSM Encoding Algorithm             : Auto
Safe Implementation                : No
FSM Style                          : LUT
RAM Extraction                     : Yes
RAM Style                          : Auto
ROM Extraction                     : Yes
Mux Style                          : Auto
Decoder Extraction                 : YES
Priority Encoder Extraction        : Yes
Shift Register Extraction          : YES
Logical Shifter Extraction         : YES
XOR Collapsing                     : YES
ROM Style                          : Auto
Mux Extraction                     : Yes
Resource Sharing                   : YES
Asynchronous To Synchronous        : NO
Multiplier Style                   : Auto
Automatic Register Balancing       : No

---- Target Options
Add IO Buffers                     : YES
Global Maximum Fanout              : 500
Add Generic Clock Buffer(BUFG)     : 24
Register Duplication               : YES
Slice Packing                      : YES
Optimize Instantiated Primitives   : NO
Use Clock Enable                   : Yes
Use Synchronous Set                : Yes
Use Synchronous Reset              : Yes
Pack IO Registers into IOBs        : Auto
Equivalent register Removal        : YES

---- General Options
Optimization Goal                  : Speed
Optimization Effort                : 1
Keep Hierarchy                     : No
Netlist Hierarchy                  : As_Optimized
RTL Output                         : Yes
Global Optimization                : AllClockNets
Read Cores                         : YES
Write Timing Constraints           : NO
Cross Clock Analysis               : NO
Hierarchy Separator                : /
Bus Delimiter                      : <>
Case Specifier                     : Maintain
Slice Utilization Ratio            : 100
BRAM Utilization Ratio             : 100
Verilog 2001                       : YES
Auto BRAM Packing                  : NO
Slice Utilization Ratio Delta      : 5

=========================================================================


=========================================================================
*                          HDL Compilation                              *
=========================================================================
Compiling verilog file "RegisterFile.v" in library work
Compiling verilog file "ProgramCounter.v" in library work
Module <RegisterFile> compiled
Compiling verilog file "InstructionMemory.v" in library work
Module <ProgramCounter> compiled
Compiling verilog file "Hex_to_7segment.v" in library work
Module <InstructionMemory> compiled
Compiling verilog file "DataMemory.v" in library work
Module <Hex_to_7seg> compiled
Compiling verilog file "ControlUnit.v" in library work
Module <DataMemory> compiled
Compiling verilog file "ALU.v" in library work
Module <ControlUnit> compiled
Compiling verilog file "Microprocessor.v" in library work
Module <ALU> compiled
Module <Microprocessor> compiled
No errors in compilation
Analysis of file <"Microprocessor.prj"> succeeded.
 

=========================================================================
*                     Design Hierarchy Analysis                         *
=========================================================================
Analyzing hierarchy for module <Microprocessor> in library <work>.

Analyzing hierarchy for module <ProgramCounter> in library <work>.

Analyzing hierarchy for module <InstructionMemory> in library <work>.

Analyzing hierarchy for module <RegisterFile> in library <work>.

Analyzing hierarchy for module <ALU> in library <work>.

Analyzing hierarchy for module <ControlUnit> in library <work>.

Analyzing hierarchy for module <DataMemory> in library <work>.

Analyzing hierarchy for module <Hex_to_7seg> in library <work>.


=========================================================================
*                            HDL Analysis                               *
=========================================================================
Analyzing top module <Microprocessor>.
Module <Microprocessor> is correct for synthesis.
 
Analyzing module <ProgramCounter> in library <work>.
Module <ProgramCounter> is correct for synthesis.
 
Analyzing module <InstructionMemory> in library <work>.
Module <InstructionMemory> is correct for synthesis.
 
Analyzing module <RegisterFile> in library <work>.
Module <RegisterFile> is correct for synthesis.
 
Analyzing module <ALU> in library <work>.
Module <ALU> is correct for synthesis.
 
Analyzing module <ControlUnit> in library <work>.
Module <ControlUnit> is correct for synthesis.
 
Analyzing module <DataMemory> in library <work>.
INFO:Xst:1433 - Contents of array <memory> may be accessed with an index that exceeds the array size. This could cause simulation mismatch.
Module <DataMemory> is correct for synthesis.
 
Analyzing module <Hex_to_7seg> in library <work>.
Module <Hex_to_7seg> is correct for synthesis.
 

=========================================================================
*                           HDL Synthesis                               *
=========================================================================

Performing bidirectional port resolution...

Synthesizing Unit <ProgramCounter>.
    Related source file is "ProgramCounter.v".
    Found 8-bit register for signal <PC>.
    Summary:
	inferred   8 D-type flip-flop(s).
Unit <ProgramCounter> synthesized.


Synthesizing Unit <InstructionMemory>.
    Related source file is "InstructionMemory.v".
WARNING:Xst:653 - Signal <memory> is used but never assigned. This sourceless signal will be automatically connected to value 00000000.
Unit <InstructionMemory> synthesized.


Synthesizing Unit <RegisterFile>.
    Related source file is "RegisterFile.v".
    Found 4x8-bit dual-port RAM <Mram_registers> for signal <registers>.
    Found 4x8-bit dual-port RAM <Mram_registers_ren> for signal <registers>.
    Summary:
	inferred   2 RAM(s).
Unit <RegisterFile> synthesized.


Synthesizing Unit <ALU>.
    Related source file is "ALU.v".
    Found 8-bit adder for signal <Y>.
    Summary:
	inferred   1 Adder/Subtractor(s).
Unit <ALU> synthesized.


Synthesizing Unit <ControlUnit>.
    Related source file is "ControlUnit.v".
    Found 4x4-bit ROM for signal <op$rom0000>.
    Summary:
	inferred   1 ROM(s).
Unit <ControlUnit> synthesized.


Synthesizing Unit <DataMemory>.
    Related source file is "DataMemory.v".
WARNING:Xst:647 - Input <address<7:5>> is never used. This port will be preserved and left unconnected if it belongs to a top-level block or it belongs to a sub-block and the hierarchy of this sub-block is preserved.
    Found 8-bit tristate buffer for signal <readData>.
    Found 256-bit register for signal <memory>.
INFO:Xst:738 - HDL ADVISOR - 256 flip-flops were inferred for signal <memory>. You may be trying to describe a RAM in a way that is incompatible with block and distributed RAM resources available on Xilinx devices, or with a specific template that is not supported. Please review the Xilinx resources documentation and the XST user manual for coding guidelines. Taking advantage of RAM resources will lead to improved device usage and reduced synthesis time.
    Summary:
	inferred 256 D-type flip-flop(s).
	inferred   8 Multiplexer(s).
	inferred   8 Tristate(s).
Unit <DataMemory> synthesized.


Synthesizing Unit <Hex_to_7seg>.
    Related source file is "Hex_to_7segment.v".
    Found 16x7-bit ROM for signal <seg>.
    Summary:
	inferred   1 ROM(s).
Unit <Hex_to_7seg> synthesized.


Synthesizing Unit <Microprocessor>.
    Related source file is "Microprocessor.v".
WARNING:Xst:646 - Signal <ALUControl> is assigned but never used. This unconnected signal will be trimmed during the optimization process.
    Found 8-bit adder for signal <nextPC$addsub0000> created at line 86.
    Found 8-bit adder carry out for signal <nextPC$addsub0001> created at line 86.
    Summary:
	inferred   2 Adder/Subtractor(s).
Unit <Microprocessor> synthesized.


=========================================================================
HDL Synthesis Report

Macro Statistics
# RAMs                                                 : 2
 4x8-bit dual-port RAM                                 : 2
# ROMs                                                 : 2
 16x7-bit ROM                                          : 1
 4x4-bit ROM                                           : 1
# Adders/Subtractors                                   : 3
 8-bit adder                                           : 2
 8-bit adder carry out                                 : 1
# Registers                                            : 33
 8-bit register                                        : 33
# Multiplexers                                         : 1
 8-bit 32-to-1 multiplexer                             : 1
# Tristates                                            : 1
 8-bit tristate buffer                                 : 1

=========================================================================

=========================================================================
*                       Advanced HDL Synthesis                          *
=========================================================================

WARNING:Xst:1290 - Hierarchical block <pc> is unconnected in block <Microprocessor>.
   It will be removed from the design.

Synthesizing (advanced) Unit <Microprocessor>.
The following registers are absorbed into accumulator <pc/PC>: 1 register on signal <pc/PC>.
Unit <Microprocessor> synthesized (advanced).

Synthesizing (advanced) Unit <RegisterFile>.
INFO:Xst:3218 - HDL ADVISOR - The RAM <Mram_registers> will be implemented on LUTs either because you have described an asynchronous read or because of currently unsupported block RAM features. If you have described an asynchronous read, making it synchronous would allow you to take advantage of available block RAM resources, for optimized device usage and improved timings. Please refer to your documentation for coding guidelines.
    -----------------------------------------------------------------------
    | ram_type           | Distributed                         |          |
    -----------------------------------------------------------------------
    | Port A                                                              |
    |     aspect ratio   | 4-word x 8-bit                      |          |
    |     clkA           | connected to signal <clk>           | rise     |
    |     weA            | connected to signal <RegWrite>      | high     |
    |     addrA          | connected to signal <rd>            |          |
    |     diA            | connected to signal <writeData>     |          |
    -----------------------------------------------------------------------
    | Port B                                                              |
    |     aspect ratio   | 4-word x 8-bit                      |          |
    |     addrB          | connected to signal <rs>            |          |
    |     doB            | connected to signal <rsData>        |          |
    -----------------------------------------------------------------------
INFO:Xst:3218 - HDL ADVISOR - The RAM <Mram_registers_ren> will be implemented on LUTs either because you have described an asynchronous read or because of currently unsupported block RAM features. If you have described an asynchronous read, making it synchronous would allow you to take advantage of available block RAM resources, for optimized device usage and improved timings. Please refer to your documentation for coding guidelines.
    -----------------------------------------------------------------------
    | ram_type           | Distributed                         |          |
    -----------------------------------------------------------------------
    | Port A                                                              |
    |     aspect ratio   | 4-word x 8-bit                      |          |
    |     clkA           | connected to signal <clk>           | rise     |
    |     weA            | connected to signal <RegWrite>      | high     |
    |     addrA          | connected to signal <rd>            |          |
    |     diA            | connected to signal <writeData>     |          |
    -----------------------------------------------------------------------
    | Port B                                                              |
    |     aspect ratio   | 4-word x 8-bit                      |          |
    |     addrB          | connected to signal <rt>            |          |
    |     doB            | connected to signal <rtData>        |          |
    -----------------------------------------------------------------------
Unit <RegisterFile> synthesized (advanced).

=========================================================================
Advanced HDL Synthesis Report

Macro Statistics
# RAMs                                                 : 2
 4x8-bit dual-port distributed RAM                     : 2
# ROMs                                                 : 2
 16x7-bit ROM                                          : 1
 4x4-bit ROM                                           : 1
# Adders/Subtractors                                   : 2
 8-bit adder                                           : 1
 8-bit adder carry out                                 : 1
# Accumulators                                         : 1
 8-bit up loadable accumulator                         : 1
# Registers                                            : 256
 Flip-Flops                                            : 256
# Multiplexers                                         : 1
 8-bit 32-to-1 multiplexer                             : 1

=========================================================================

=========================================================================
*                         Low Level Synthesis                           *
=========================================================================
WARNING:Xst:2042 - Unit DataMemory: 8 internal tristates are replaced by logic (pull-up yes): readData<0>, readData<1>, readData<2>, readData<3>, readData<4>, readData<5>, readData<6>, readData<7>.

Optimizing unit <Microprocessor> ...

Optimizing unit <DataMemory> ...
WARNING:Xst:1293 - FF/Latch <dm/memory_21_1> has a constant value of 1 in block <Microprocessor>. This FF/Latch will be trimmed during the optimization process.
WARNING:Xst:1896 - Due to other FF/Latch trimming, FF/Latch <dm/memory_21_0> has a constant value of 1 in block <Microprocessor>. This FF/Latch will be trimmed during the optimization process.
WARNING:Xst:1896 - Due to other FF/Latch trimming, FF/Latch <dm/memory_22_4> has a constant value of 1 in block <Microprocessor>. This FF/Latch will be trimmed during the optimization process.
WARNING:Xst:1896 - Due to other FF/Latch trimming, FF/Latch <dm/memory_22_3> has a constant value of 1 in block <Microprocessor>. This FF/Latch will be trimmed during the optimization process.
WARNING:Xst:1896 - Due to other FF/Latch trimming, FF/Latch <dm/memory_22_2> has a constant value of 0 in block <Microprocessor>. This FF/Latch will be trimmed during the optimization process.
WARNING:Xst:1896 - Due to other FF/Latch trimming, FF/Latch <dm/memory_22_1> has a constant value of 1 in block <Microprocessor>. This FF/Latch will be trimmed during the optimization process.
WARNING:Xst:1896 - Due to other FF/Latch trimming, FF/Latch <dm/memory_22_0> has a constant value of 0 in block <Microprocessor>. This FF/Latch will be trimmed during the optimization process.
WARNING:Xst:1896 - Due to other FF/Latch trimming, FF/Latch <dm/memory_23_4> has a constant value of 1 in block <Microprocessor>. This FF/Latch will be trimmed during the optimization process.
WARNING:Xst:1896 - Due to other FF/Latch trimming, FF/Latch <dm/memory_23_3> has a constant value of 1 in block <Microprocessor>. This FF/Latch will be trimmed during the optimization process.
WARNING:Xst:1896 - Due to other FF/Latch trimming, FF/Latch <dm/memory_23_2> has a constant value of 0 in block <Microprocessor>. This FF/Latch will be trimmed during the optimization process.
WARNING:Xst:1896 - Due to other FF/Latch trimming, FF/Latch <dm/memory_23_1> has a constant value of 0 in block <Microprocessor>. This FF/Latch will be trimmed during the optimization process.
WARNING:Xst:1896 - Due to other FF/Latch trimming, FF/Latch <dm/memory_23_0> has a constant value of 1 in block <Microprocessor>. This FF/Latch will be trimmed during the optimization process.
WARNING:Xst:1896 - Due to other FF/Latch trimming, FF/Latch <dm/memory_24_4> has a constant value of 1 in block <Microprocessor>. This FF/Latch will be trimmed during the optimization process.
WARNING:Xst:1896 - Due to other FF/Latch trimming, FF/Latch <dm/memory_24_3> has a constant value of 1 in block <Microprocessor>. This FF/Latch will be trimmed during the optimization process.
WARNING:Xst:1896 - Due to other FF/Latch trimming, FF/Latch <dm/memory_24_2> has a constant value of 0 in block <Microprocessor>. This FF/Latch will be trimmed during the optimization process.
WARNING:Xst:1896 - Due to other FF/Latch trimming, FF/Latch <dm/memory_24_1> has a constant value of 0 in block <Microprocessor>. This FF/Latch will be trimmed during the optimization process.
WARNING:Xst:1896 - Due to other FF/Latch trimming, FF/Latch <dm/memory_24_0> has a constant value of 0 in block <Microprocessor>. This FF/Latch will be trimmed during the optimization process.
WARNING:Xst:1896 - Due to other FF/Latch trimming, FF/Latch <dm/memory_18_4> has a constant value of 1 in block <Microprocessor>. This FF/Latch will be trimmed during the optimization process.
WARNING:Xst:1896 - Due to other FF/Latch trimming, FF/Latch <dm/memory_18_3> has a constant value of 1 in block <Microprocessor>. This FF/Latch will be trimmed during the optimization process.
WARNING:Xst:1896 - Due to other FF/Latch trimming, FF/Latch <dm/memory_18_2> has a constant value of 1 in block <Microprocessor>. This FF/Latch will be trimmed during the optimization process.
WARNING:Xst:1896 - Due to other FF/Latch trimming, FF/Latch <dm/memory_18_1> has a constant value of 1 in block <Microprocessor>. This FF/Latch will be trimmed during the optimization process.
WARNING:Xst:1896 - Due to other FF/Latch trimming, FF/Latch <dm/memory_18_0> has a constant value of 0 in block <Microprocessor>. This FF/Latch will be trimmed during the optimization process.
WARNING:Xst:1896 - Due to other FF/Latch trimming, FF/Latch <dm/memory_19_4> has a constant value of 1 in block <Microprocessor>. This FF/Latch will be trimmed during the optimization process.
WARNING:Xst:1896 - Due to other FF/Latch trimming, FF/Latch <dm/memory_19_3> has a constant value of 1 in block <Microprocessor>. This FF/Latch will be trimmed during the optimization process.
WARNING:Xst:1896 - Due to other FF/Latch trimming, FF/Latch <dm/memory_19_2> has a constant value of 1 in block <Microprocessor>. This FF/Latch will be trimmed during the optimization process.
WARNING:Xst:1896 - Due to other FF/Latch trimming, FF/Latch <dm/memory_19_1> has a constant value of 0 in block <Microprocessor>. This FF/Latch will be trimmed during the optimization process.
WARNING:Xst:1896 - Due to other FF/Latch trimming, FF/Latch <dm/memory_19_0> has a constant value of 1 in block <Microprocessor>. This FF/Latch will be trimmed during the optimization process.
WARNING:Xst:1896 - Due to other FF/Latch trimming, FF/Latch <dm/memory_20_4> has a constant value of 1 in block <Microprocessor>. This FF/Latch will be trimmed during the optimization process.
WARNING:Xst:1896 - Due to other FF/Latch trimming, FF/Latch <dm/memory_20_3> has a constant value of 1 in block <Microprocessor>. This FF/Latch will be trimmed during the optimization process.
WARNING:Xst:1896 - Due to other FF/Latch trimming, FF/Latch <dm/memory_20_2> has a constant value of 1 in block <Microprocessor>. This FF/Latch will be trimmed during the optimization process.
WARNING:Xst:1896 - Due to other FF/Latch trimming, FF/Latch <dm/memory_20_1> has a constant value of 0 in block <Microprocessor>. This FF/Latch will be trimmed during the optimization process.
WARNING:Xst:1896 - Due to other FF/Latch trimming, FF/Latch <dm/memory_20_0> has a constant value of 0 in block <Microprocessor>. This FF/Latch will be trimmed during the optimization process.
WARNING:Xst:1896 - Due to other FF/Latch trimming, FF/Latch <dm/memory_21_4> has a constant value of 1 in block <Microprocessor>. This FF/Latch will be trimmed during the optimization process.
WARNING:Xst:1896 - Due to other FF/Latch trimming, FF/Latch <dm/memory_21_3> has a constant value of 1 in block <Microprocessor>. This FF/Latch will be trimmed during the optimization process.
WARNING:Xst:1896 - Due to other FF/Latch trimming, FF/Latch <dm/memory_21_2> has a constant value of 0 in block <Microprocessor>. This FF/Latch will be trimmed during the optimization process.
WARNING:Xst:1896 - Due to other FF/Latch trimming, FF/Latch <dm/memory_28_1> has a constant value of 0 in block <Microprocessor>. This FF/Latch will be trimmed during the optimization process.
WARNING:Xst:1896 - Due to other FF/Latch trimming, FF/Latch <dm/memory_28_0> has a constant value of 0 in block <Microprocessor>. This FF/Latch will be trimmed during the optimization process.
WARNING:Xst:1896 - Due to other FF/Latch trimming, FF/Latch <dm/memory_30_4> has a constant value of 1 in block <Microprocessor>. This FF/Latch will be trimmed during the optimization process.
WARNING:Xst:1896 - Due to other FF/Latch trimming, FF/Latch <dm/memory_30_3> has a constant value of 0 in block <Microprocessor>. This FF/Latch will be trimmed during the optimization process.
WARNING:Xst:1896 - Due to other FF/Latch trimming, FF/Latch <dm/memory_30_2> has a constant value of 0 in block <Microprocessor>. This FF/Latch will be trimmed during the optimization process.
WARNING:Xst:1896 - Due to other FF/Latch trimming, FF/Latch <dm/memory_30_1> has a constant value of 1 in block <Microprocessor>. This FF/Latch will be trimmed during the optimization process.
WARNING:Xst:1896 - Due to other FF/Latch trimming, FF/Latch <dm/memory_30_0> has a constant value of 0 in block <Microprocessor>. This FF/Latch will be trimmed during the optimization process.
WARNING:Xst:1896 - Due to other FF/Latch trimming, FF/Latch <dm/memory_31_4> has a constant value of 1 in block <Microprocessor>. This FF/Latch will be trimmed during the optimization process.
WARNING:Xst:1896 - Due to other FF/Latch trimming, FF/Latch <dm/memory_31_3> has a constant value of 0 in block <Microprocessor>. This FF/Latch will be trimmed during the optimization process.
WARNING:Xst:1896 - Due to other FF/Latch trimming, FF/Latch <dm/memory_31_2> has a constant value of 0 in block <Microprocessor>. This FF/Latch will be trimmed during the optimization process.
WARNING:Xst:1896 - Due to other FF/Latch trimming, FF/Latch <dm/memory_31_1> has a constant value of 0 in block <Microprocessor>. This FF/Latch will be trimmed during the optimization process.
WARNING:Xst:1896 - Due to other FF/Latch trimming, FF/Latch <dm/memory_31_0> has a constant value of 1 in block <Microprocessor>. This FF/Latch will be trimmed during the optimization process.
WARNING:Xst:1896 - Due to other FF/Latch trimming, FF/Latch <dm/memory_29_4> has a constant value of 1 in block <Microprocessor>. This FF/Latch will be trimmed during the optimization process.
WARNING:Xst:1896 - Due to other FF/Latch trimming, FF/Latch <dm/memory_29_3> has a constant value of 0 in block <Microprocessor>. This FF/Latch will be trimmed during the optimization process.
WARNING:Xst:1896 - Due to other FF/Latch trimming, FF/Latch <dm/memory_29_2> has a constant value of 0 in block <Microprocessor>. This FF/Latch will be trimmed during the optimization process.
WARNING:Xst:1896 - Due to other FF/Latch trimming, FF/Latch <dm/memory_29_1> has a constant value of 1 in block <Microprocessor>. This FF/Latch will be trimmed during the optimization process.
WARNING:Xst:1896 - Due to other FF/Latch trimming, FF/Latch <dm/memory_29_0> has a constant value of 1 in block <Microprocessor>. This FF/Latch will be trimmed during the optimization process.
WARNING:Xst:1896 - Due to other FF/Latch trimming, FF/Latch <dm/memory_25_4> has a constant value of 1 in block <Microprocessor>. This FF/Latch will be trimmed during the optimization process.
WARNING:Xst:1896 - Due to other FF/Latch trimming, FF/Latch <dm/memory_25_3> has a constant value of 0 in block <Microprocessor>. This FF/Latch will be trimmed during the optimization process.
WARNING:Xst:1896 - Due to other FF/Latch trimming, FF/Latch <dm/memory_25_2> has a constant value of 1 in block <Microprocessor>. This FF/Latch will be trimmed during the optimization process.
WARNING:Xst:1896 - Due to other FF/Latch trimming, FF/Latch <dm/memory_25_1> has a constant value of 1 in block <Microprocessor>. This FF/Latch will be trimmed during the optimization process.
WARNING:Xst:1896 - Due to other FF/Latch trimming, FF/Latch <dm/memory_25_0> has a constant value of 1 in block <Microprocessor>. This FF/Latch will be trimmed during the optimization process.
WARNING:Xst:1896 - Due to other FF/Latch trimming, FF/Latch <dm/memory_26_4> has a constant value of 1 in block <Microprocessor>. This FF/Latch will be trimmed during the optimization process.
WARNING:Xst:1896 - Due to other FF/Latch trimming, FF/Latch <dm/memory_26_3> has a constant value of 0 in block <Microprocessor>. This FF/Latch will be trimmed during the optimization process.
WARNING:Xst:1896 - Due to other FF/Latch trimming, FF/Latch <dm/memory_26_2> has a constant value of 1 in block <Microprocessor>. This FF/Latch will be trimmed during the optimization process.
WARNING:Xst:1896 - Due to other FF/Latch trimming, FF/Latch <dm/memory_26_1> has a constant value of 1 in block <Microprocessor>. This FF/Latch will be trimmed during the optimization process.
WARNING:Xst:1896 - Due to other FF/Latch trimming, FF/Latch <dm/memory_26_0> has a constant value of 0 in block <Microprocessor>. This FF/Latch will be trimmed during the optimization process.
WARNING:Xst:1896 - Due to other FF/Latch trimming, FF/Latch <dm/memory_27_4> has a constant value of 1 in block <Microprocessor>. This FF/Latch will be trimmed during the optimization process.
WARNING:Xst:1896 - Due to other FF/Latch trimming, FF/Latch <dm/memory_27_3> has a constant value of 0 in block <Microprocessor>. This FF/Latch will be trimmed during the optimization process.
WARNING:Xst:1896 - Due to other FF/Latch trimming, FF/Latch <dm/memory_27_2> has a constant value of 1 in block <Microprocessor>. This FF/Latch will be trimmed during the optimization process.
WARNING:Xst:1896 - Due to other FF/Latch trimming, FF/Latch <dm/memory_27_1> has a constant value of 0 in block <Microprocessor>. This FF/Latch will be trimmed during the optimization process.
WARNING:Xst:1896 - Due to other FF/Latch trimming, FF/Latch <dm/memory_27_0> has a constant value of 1 in block <Microprocessor>. This FF/Latch will be trimmed during the optimization process.
WARNING:Xst:1896 - Due to other FF/Latch trimming, FF/Latch <dm/memory_28_4> has a constant value of 1 in block <Microprocessor>. This FF/Latch will be trimmed during the optimization process.
WARNING:Xst:1896 - Due to other FF/Latch trimming, FF/Latch <dm/memory_28_3> has a constant value of 0 in block <Microprocessor>. This FF/Latch will be trimmed during the optimization process.
WARNING:Xst:1896 - Due to other FF/Latch trimming, FF/Latch <dm/memory_28_2> has a constant value of 1 in block <Microprocessor>. This FF/Latch will be trimmed during the optimization process.
WARNING:Xst:1896 - Due to other FF/Latch trimming, FF/Latch <dm/memory_5_2> has a constant value of 1 in block <Microprocessor>. This FF/Latch will be trimmed during the optimization process.
WARNING:Xst:1896 - Due to other FF/Latch trimming, FF/Latch <dm/memory_5_1> has a constant value of 0 in block <Microprocessor>. This FF/Latch will be trimmed during the optimization process.
WARNING:Xst:1896 - Due to other FF/Latch trimming, FF/Latch <dm/memory_5_0> has a constant value of 1 in block <Microprocessor>. This FF/Latch will be trimmed during the optimization process.
WARNING:Xst:1896 - Due to other FF/Latch trimming, FF/Latch <dm/memory_6_4> has a constant value of 0 in block <Microprocessor>. This FF/Latch will be trimmed during the optimization process.
WARNING:Xst:1896 - Due to other FF/Latch trimming, FF/Latch <dm/memory_6_3> has a constant value of 0 in block <Microprocessor>. This FF/Latch will be trimmed during the optimization process.
WARNING:Xst:1896 - Due to other FF/Latch trimming, FF/Latch <dm/memory_6_2> has a constant value of 1 in block <Microprocessor>. This FF/Latch will be trimmed during the optimization process.
WARNING:Xst:1896 - Due to other FF/Latch trimming, FF/Latch <dm/memory_6_1> has a constant value of 1 in block <Microprocessor>. This FF/Latch will be trimmed during the optimization process.
WARNING:Xst:1896 - Due to other FF/Latch trimming, FF/Latch <dm/memory_6_0> has a constant value of 0 in block <Microprocessor>. This FF/Latch will be trimmed during the optimization process.
WARNING:Xst:1896 - Due to other FF/Latch trimming, FF/Latch <dm/memory_7_4> has a constant value of 0 in block <Microprocessor>. This FF/Latch will be trimmed during the optimization process.
WARNING:Xst:1896 - Due to other FF/Latch trimming, FF/Latch <dm/memory_7_3> has a constant value of 0 in block <Microprocessor>. This FF/Latch will be trimmed during the optimization process.
WARNING:Xst:1896 - Due to other FF/Latch trimming, FF/Latch <dm/memory_7_2> has a constant value of 1 in block <Microprocessor>. This FF/Latch will be trimmed during the optimization process.
WARNING:Xst:1896 - Due to other FF/Latch trimming, FF/Latch <dm/memory_7_1> has a constant value of 1 in block <Microprocessor>. This FF/Latch will be trimmed during the optimization process.
WARNING:Xst:1896 - Due to other FF/Latch trimming, FF/Latch <dm/memory_7_0> has a constant value of 1 in block <Microprocessor>. This FF/Latch will be trimmed during the optimization process.
WARNING:Xst:1896 - Due to other FF/Latch trimming, FF/Latch <dm/memory_9_4> has a constant value of 0 in block <Microprocessor>. This FF/Latch will be trimmed during the optimization process.
WARNING:Xst:1896 - Due to other FF/Latch trimming, FF/Latch <dm/memory_9_3> has a constant value of 1 in block <Microprocessor>. This FF/Latch will be trimmed during the optimization process.
WARNING:Xst:1896 - Due to other FF/Latch trimming, FF/Latch <dm/memory_9_2> has a constant value of 0 in block <Microprocessor>. This FF/Latch will be trimmed during the optimization process.
WARNING:Xst:1896 - Due to other FF/Latch trimming, FF/Latch <dm/memory_9_1> has a constant value of 0 in block <Microprocessor>. This FF/Latch will be trimmed during the optimization process.
WARNING:Xst:1896 - Due to other FF/Latch trimming, FF/Latch <dm/memory_0_1> has a constant value of 0 in block <Microprocessor>. This FF/Latch will be trimmed during the optimization process.
WARNING:Xst:1896 - Due to other FF/Latch trimming, FF/Latch <dm/memory_0_0> has a constant value of 0 in block <Microprocessor>. This FF/Latch will be trimmed during the optimization process.
WARNING:Xst:1896 - Due to other FF/Latch trimming, FF/Latch <dm/memory_1_4> has a constant value of 0 in block <Microprocessor>. This FF/Latch will be trimmed during the optimization process.
WARNING:Xst:1896 - Due to other FF/Latch trimming, FF/Latch <dm/memory_1_2> has a constant value of 0 in block <Microprocessor>. This FF/Latch will be trimmed during the optimization process.
WARNING:Xst:1896 - Due to other FF/Latch trimming, FF/Latch <dm/memory_1_1> has a constant value of 0 in block <Microprocessor>. This FF/Latch will be trimmed during the optimization process.
WARNING:Xst:1896 - Due to other FF/Latch trimming, FF/Latch <dm/memory_1_0> has a constant value of 1 in block <Microprocessor>. This FF/Latch will be trimmed during the optimization process.
WARNING:Xst:1896 - Due to other FF/Latch trimming, FF/Latch <dm/memory_2_4> has a constant value of 0 in block <Microprocessor>. This FF/Latch will be trimmed during the optimization process.
WARNING:Xst:1896 - Due to other FF/Latch trimming, FF/Latch <dm/memory_2_3> has a constant value of 0 in block <Microprocessor>. This FF/Latch will be trimmed during the optimization process.
WARNING:Xst:1896 - Due to other FF/Latch trimming, FF/Latch <dm/memory_2_2> has a constant value of 0 in block <Microprocessor>. This FF/Latch will be trimmed during the optimization process.
WARNING:Xst:1896 - Due to other FF/Latch trimming, FF/Latch <dm/memory_2_1> has a constant value of 1 in block <Microprocessor>. This FF/Latch will be trimmed during the optimization process.
WARNING:Xst:1896 - Due to other FF/Latch trimming, FF/Latch <dm/memory_2_0> has a constant value of 0 in block <Microprocessor>. This FF/Latch will be trimmed during the optimization process.
WARNING:Xst:1896 - Due to other FF/Latch trimming, FF/Latch <dm/memory_3_4> has a constant value of 0 in block <Microprocessor>. This FF/Latch will be trimmed during the optimization process.
WARNING:Xst:1896 - Due to other FF/Latch trimming, FF/Latch <dm/memory_3_3> has a constant value of 0 in block <Microprocessor>. This FF/Latch will be trimmed during the optimization process.
WARNING:Xst:1896 - Due to other FF/Latch trimming, FF/Latch <dm/memory_3_2> has a constant value of 0 in block <Microprocessor>. This FF/Latch will be trimmed during the optimization process.
WARNING:Xst:1896 - Due to other FF/Latch trimming, FF/Latch <dm/memory_3_1> has a constant value of 1 in block <Microprocessor>. This FF/Latch will be trimmed during the optimization process.
WARNING:Xst:1896 - Due to other FF/Latch trimming, FF/Latch <dm/memory_3_0> has a constant value of 1 in block <Microprocessor>. This FF/Latch will be trimmed during the optimization process.
WARNING:Xst:1896 - Due to other FF/Latch trimming, FF/Latch <dm/memory_5_4> has a constant value of 0 in block <Microprocessor>. This FF/Latch will be trimmed during the optimization process.
WARNING:Xst:1896 - Due to other FF/Latch trimming, FF/Latch <dm/memory_5_3> has a constant value of 0 in block <Microprocessor>. This FF/Latch will be trimmed during the optimization process.
WARNING:Xst:1896 - Due to other FF/Latch trimming, FF/Latch <dm/memory_14_2> has a constant value of 1 in block <Microprocessor>. This FF/Latch will be trimmed during the optimization process.
WARNING:Xst:1896 - Due to other FF/Latch trimming, FF/Latch <dm/memory_14_1> has a constant value of 1 in block <Microprocessor>. This FF/Latch will be trimmed during the optimization process.
WARNING:Xst:1896 - Due to other FF/Latch trimming, FF/Latch <dm/memory_14_0> has a constant value of 0 in block <Microprocessor>. This FF/Latch will be trimmed during the optimization process.
WARNING:Xst:1896 - Due to other FF/Latch trimming, FF/Latch <dm/memory_15_4> has a constant value of 0 in block <Microprocessor>. This FF/Latch will be trimmed during the optimization process.
WARNING:Xst:1896 - Due to other FF/Latch trimming, FF/Latch <dm/memory_15_3> has a constant value of 1 in block <Microprocessor>. This FF/Latch will be trimmed during the optimization process.
WARNING:Xst:1896 - Due to other FF/Latch trimming, FF/Latch <dm/memory_15_2> has a constant value of 1 in block <Microprocessor>. This FF/Latch will be trimmed during the optimization process.
WARNING:Xst:1896 - Due to other FF/Latch trimming, FF/Latch <dm/memory_15_1> has a constant value of 1 in block <Microprocessor>. This FF/Latch will be trimmed during the optimization process.
WARNING:Xst:1896 - Due to other FF/Latch trimming, FF/Latch <dm/memory_15_0> has a constant value of 1 in block <Microprocessor>. This FF/Latch will be trimmed during the optimization process.
WARNING:Xst:1896 - Due to other FF/Latch trimming, FF/Latch <dm/memory_16_4> has a constant value of 0 in block <Microprocessor>. This FF/Latch will be trimmed during the optimization process.
WARNING:Xst:1896 - Due to other FF/Latch trimming, FF/Latch <dm/memory_16_3> has a constant value of 0 in block <Microprocessor>. This FF/Latch will be trimmed during the optimization process.
WARNING:Xst:1896 - Due to other FF/Latch trimming, FF/Latch <dm/memory_16_2> has a constant value of 0 in block <Microprocessor>. This FF/Latch will be trimmed during the optimization process.
WARNING:Xst:1896 - Due to other FF/Latch trimming, FF/Latch <dm/memory_16_1> has a constant value of 0 in block <Microprocessor>. This FF/Latch will be trimmed during the optimization process.
WARNING:Xst:1896 - Due to other FF/Latch trimming, FF/Latch <dm/memory_16_0> has a constant value of 0 in block <Microprocessor>. This FF/Latch will be trimmed during the optimization process.
WARNING:Xst:1896 - Due to other FF/Latch trimming, FF/Latch <dm/memory_17_4> has a constant value of 1 in block <Microprocessor>. This FF/Latch will be trimmed during the optimization process.
WARNING:Xst:1896 - Due to other FF/Latch trimming, FF/Latch <dm/memory_17_3> has a constant value of 1 in block <Microprocessor>. This FF/Latch will be trimmed during the optimization process.
WARNING:Xst:1896 - Due to other FF/Latch trimming, FF/Latch <dm/memory_17_2> has a constant value of 1 in block <Microprocessor>. This FF/Latch will be trimmed during the optimization process.
WARNING:Xst:1896 - Due to other FF/Latch trimming, FF/Latch <dm/memory_17_1> has a constant value of 1 in block <Microprocessor>. This FF/Latch will be trimmed during the optimization process.
WARNING:Xst:1896 - Due to other FF/Latch trimming, FF/Latch <dm/memory_17_0> has a constant value of 1 in block <Microprocessor>. This FF/Latch will be trimmed during the optimization process.
WARNING:Xst:1896 - Due to other FF/Latch trimming, FF/Latch <dm/memory_9_0> has a constant value of 1 in block <Microprocessor>. This FF/Latch will be trimmed during the optimization process.
WARNING:Xst:1896 - Due to other FF/Latch trimming, FF/Latch <dm/memory_10_4> has a constant value of 0 in block <Microprocessor>. This FF/Latch will be trimmed during the optimization process.
WARNING:Xst:1896 - Due to other FF/Latch trimming, FF/Latch <dm/memory_10_3> has a constant value of 1 in block <Microprocessor>. This FF/Latch will be trimmed during the optimization process.
WARNING:Xst:1896 - Due to other FF/Latch trimming, FF/Latch <dm/memory_10_2> has a constant value of 0 in block <Microprocessor>. This FF/Latch will be trimmed during the optimization process.
WARNING:Xst:1896 - Due to other FF/Latch trimming, FF/Latch <dm/memory_10_1> has a constant value of 1 in block <Microprocessor>. This FF/Latch will be trimmed during the optimization process.
WARNING:Xst:1896 - Due to other FF/Latch trimming, FF/Latch <dm/memory_10_0> has a constant value of 0 in block <Microprocessor>. This FF/Latch will be trimmed during the optimization process.
WARNING:Xst:1896 - Due to other FF/Latch trimming, FF/Latch <dm/memory_11_4> has a constant value of 0 in block <Microprocessor>. This FF/Latch will be trimmed during the optimization process.
WARNING:Xst:1896 - Due to other FF/Latch trimming, FF/Latch <dm/memory_11_3> has a constant value of 1 in block <Microprocessor>. This FF/Latch will be trimmed during the optimization process.
WARNING:Xst:1896 - Due to other FF/Latch trimming, FF/Latch <dm/memory_11_2> has a constant value of 0 in block <Microprocessor>. This FF/Latch will be trimmed during the optimization process.
WARNING:Xst:1896 - Due to other FF/Latch trimming, FF/Latch <dm/memory_11_1> has a constant value of 1 in block <Microprocessor>. This FF/Latch will be trimmed during the optimization process.
WARNING:Xst:1896 - Due to other FF/Latch trimming, FF/Latch <dm/memory_11_0> has a constant value of 1 in block <Microprocessor>. This FF/Latch will be trimmed during the optimization process.
WARNING:Xst:1896 - Due to other FF/Latch trimming, FF/Latch <dm/memory_13_4> has a constant value of 0 in block <Microprocessor>. This FF/Latch will be trimmed during the optimization process.
WARNING:Xst:1896 - Due to other FF/Latch trimming, FF/Latch <dm/memory_13_3> has a constant value of 1 in block <Microprocessor>. This FF/Latch will be trimmed during the optimization process.
WARNING:Xst:1896 - Due to other FF/Latch trimming, FF/Latch <dm/memory_13_2> has a constant value of 1 in block <Microprocessor>. This FF/Latch will be trimmed during the optimization process.
WARNING:Xst:1896 - Due to other FF/Latch trimming, FF/Latch <dm/memory_13_1> has a constant value of 0 in block <Microprocessor>. This FF/Latch will be trimmed during the optimization process.
WARNING:Xst:1896 - Due to other FF/Latch trimming, FF/Latch <dm/memory_13_0> has a constant value of 1 in block <Microprocessor>. This FF/Latch will be trimmed during the optimization process.
WARNING:Xst:1896 - Due to other FF/Latch trimming, FF/Latch <dm/memory_14_4> has a constant value of 0 in block <Microprocessor>. This FF/Latch will be trimmed during the optimization process.
WARNING:Xst:1896 - Due to other FF/Latch trimming, FF/Latch <dm/memory_14_3> has a constant value of 1 in block <Microprocessor>. This FF/Latch will be trimmed during the optimization process.
WARNING:Xst:2677 - Node <rf/Mram_registers6> of sequential type is unconnected in block <Microprocessor>.
WARNING:Xst:2677 - Node <rf/Mram_registers7> of sequential type is unconnected in block <Microprocessor>.
WARNING:Xst:2677 - Node <rf/Mram_registers8> of sequential type is unconnected in block <Microprocessor>.
WARNING:Xst:2677 - Node <rf/Mram_registers_ren6> of sequential type is unconnected in block <Microprocessor>.
WARNING:Xst:2677 - Node <rf/Mram_registers_ren7> of sequential type is unconnected in block <Microprocessor>.
WARNING:Xst:2677 - Node <rf/Mram_registers_ren8> of sequential type is unconnected in block <Microprocessor>.
WARNING:Xst:2677 - Node <dm/memory_0_7> of sequential type is unconnected in block <Microprocessor>.
WARNING:Xst:2677 - Node <dm/memory_0_6> of sequential type is unconnected in block <Microprocessor>.
WARNING:Xst:2677 - Node <dm/memory_0_5> of sequential type is unconnected in block <Microprocessor>.
WARNING:Xst:2677 - Node <dm/memory_1_7> of sequential type is unconnected in block <Microprocessor>.
WARNING:Xst:2677 - Node <dm/memory_1_6> of sequential type is unconnected in block <Microprocessor>.
WARNING:Xst:2677 - Node <dm/memory_1_5> of sequential type is unconnected in block <Microprocessor>.
WARNING:Xst:2677 - Node <dm/memory_2_7> of sequential type is unconnected in block <Microprocessor>.
WARNING:Xst:2677 - Node <dm/memory_2_6> of sequential type is unconnected in block <Microprocessor>.
WARNING:Xst:2677 - Node <dm/memory_2_5> of sequential type is unconnected in block <Microprocessor>.
WARNING:Xst:2677 - Node <dm/memory_3_7> of sequential type is unconnected in block <Microprocessor>.
WARNING:Xst:2677 - Node <dm/memory_3_6> of sequential type is unconnected in block <Microprocessor>.
WARNING:Xst:2677 - Node <dm/memory_3_5> of sequential type is unconnected in block <Microprocessor>.
WARNING:Xst:2677 - Node <dm/memory_4_7> of sequential type is unconnected in block <Microprocessor>.
WARNING:Xst:2677 - Node <dm/memory_4_6> of sequential type is unconnected in block <Microprocessor>.
WARNING:Xst:2677 - Node <dm/memory_4_5> of sequential type is unconnected in block <Microprocessor>.
WARNING:Xst:2677 - Node <dm/memory_5_7> of sequential type is unconnected in block <Microprocessor>.
WARNING:Xst:2677 - Node <dm/memory_5_6> of sequential type is unconnected in block <Microprocessor>.
WARNING:Xst:2677 - Node <dm/memory_5_5> of sequential type is unconnected in block <Microprocessor>.
WARNING:Xst:2677 - Node <dm/memory_6_7> of sequential type is unconnected in block <Microprocessor>.
WARNING:Xst:2677 - Node <dm/memory_6_6> of sequential type is unconnected in block <Microprocessor>.
WARNING:Xst:2677 - Node <dm/memory_6_5> of sequential type is unconnected in block <Microprocessor>.
WARNING:Xst:2677 - Node <dm/memory_7_7> of sequential type is unconnected in block <Microprocessor>.
WARNING:Xst:2677 - Node <dm/memory_7_6> of sequential type is unconnected in block <Microprocessor>.
WARNING:Xst:2677 - Node <dm/memory_7_5> of sequential type is unconnected in block <Microprocessor>.
WARNING:Xst:2677 - Node <dm/memory_8_7> of sequential type is unconnected in block <Microprocessor>.
WARNING:Xst:2677 - Node <dm/memory_8_6> of sequential type is unconnected in block <Microprocessor>.
WARNING:Xst:2677 - Node <dm/memory_8_5> of sequential type is unconnected in block <Microprocessor>.
WARNING:Xst:2677 - Node <dm/memory_9_7> of sequential type is unconnected in block <Microprocessor>.
WARNING:Xst:2677 - Node <dm/memory_9_6> of sequential type is unconnected in block <Microprocessor>.
WARNING:Xst:2677 - Node <dm/memory_9_5> of sequential type is unconnected in block <Microprocessor>.
WARNING:Xst:2677 - Node <dm/memory_10_7> of sequential type is unconnected in block <Microprocessor>.
WARNING:Xst:2677 - Node <dm/memory_10_6> of sequential type is unconnected in block <Microprocessor>.
WARNING:Xst:2677 - Node <dm/memory_10_5> of sequential type is unconnected in block <Microprocessor>.
WARNING:Xst:2677 - Node <dm/memory_11_7> of sequential type is unconnected in block <Microprocessor>.
WARNING:Xst:2677 - Node <dm/memory_11_6> of sequential type is unconnected in block <Microprocessor>.
WARNING:Xst:2677 - Node <dm/memory_11_5> of sequential type is unconnected in block <Microprocessor>.
WARNING:Xst:2677 - Node <dm/memory_13_7> of sequential type is unconnected in block <Microprocessor>.
WARNING:Xst:2677 - Node <dm/memory_13_6> of sequential type is unconnected in block <Microprocessor>.
WARNING:Xst:2677 - Node <dm/memory_13_5> of sequential type is unconnected in block <Microprocessor>.
WARNING:Xst:2677 - Node <dm/memory_14_7> of sequential type is unconnected in block <Microprocessor>.
WARNING:Xst:2677 - Node <dm/memory_14_6> of sequential type is unconnected in block <Microprocessor>.
WARNING:Xst:2677 - Node <dm/memory_14_5> of sequential type is unconnected in block <Microprocessor>.
WARNING:Xst:2677 - Node <dm/memory_12_7> of sequential type is unconnected in block <Microprocessor>.
WARNING:Xst:2677 - Node <dm/memory_12_6> of sequential type is unconnected in block <Microprocessor>.
WARNING:Xst:2677 - Node <dm/memory_12_5> of sequential type is unconnected in block <Microprocessor>.
WARNING:Xst:2677 - Node <dm/memory_15_7> of sequential type is unconnected in block <Microprocessor>.
WARNING:Xst:2677 - Node <dm/memory_15_6> of sequential type is unconnected in block <Microprocessor>.
WARNING:Xst:2677 - Node <dm/memory_15_5> of sequential type is unconnected in block <Microprocessor>.
WARNING:Xst:2677 - Node <dm/memory_16_7> of sequential type is unconnected in block <Microprocessor>.
WARNING:Xst:2677 - Node <dm/memory_16_6> of sequential type is unconnected in block <Microprocessor>.
WARNING:Xst:2677 - Node <dm/memory_16_5> of sequential type is unconnected in block <Microprocessor>.
WARNING:Xst:2677 - Node <dm/memory_17_7> of sequential type is unconnected in block <Microprocessor>.
WARNING:Xst:2677 - Node <dm/memory_17_6> of sequential type is unconnected in block <Microprocessor>.
WARNING:Xst:2677 - Node <dm/memory_17_5> of sequential type is unconnected in block <Microprocessor>.
WARNING:Xst:2677 - Node <dm/memory_18_7> of sequential type is unconnected in block <Microprocessor>.
WARNING:Xst:2677 - Node <dm/memory_18_6> of sequential type is unconnected in block <Microprocessor>.
WARNING:Xst:2677 - Node <dm/memory_18_5> of sequential type is unconnected in block <Microprocessor>.
WARNING:Xst:2677 - Node <dm/memory_19_7> of sequential type is unconnected in block <Microprocessor>.
WARNING:Xst:2677 - Node <dm/memory_19_6> of sequential type is unconnected in block <Microprocessor>.
WARNING:Xst:2677 - Node <dm/memory_19_5> of sequential type is unconnected in block <Microprocessor>.
WARNING:Xst:2677 - Node <dm/memory_20_7> of sequential type is unconnected in block <Microprocessor>.
WARNING:Xst:2677 - Node <dm/memory_20_6> of sequential type is unconnected in block <Microprocessor>.
WARNING:Xst:2677 - Node <dm/memory_20_5> of sequential type is unconnected in block <Microprocessor>.
WARNING:Xst:2677 - Node <dm/memory_21_7> of sequential type is unconnected in block <Microprocessor>.
WARNING:Xst:2677 - Node <dm/memory_21_6> of sequential type is unconnected in block <Microprocessor>.
WARNING:Xst:2677 - Node <dm/memory_21_5> of sequential type is unconnected in block <Microprocessor>.
WARNING:Xst:2677 - Node <dm/memory_22_7> of sequential type is unconnected in block <Microprocessor>.
WARNING:Xst:2677 - Node <dm/memory_22_6> of sequential type is unconnected in block <Microprocessor>.
WARNING:Xst:2677 - Node <dm/memory_22_5> of sequential type is unconnected in block <Microprocessor>.
WARNING:Xst:2677 - Node <dm/memory_23_7> of sequential type is unconnected in block <Microprocessor>.
WARNING:Xst:2677 - Node <dm/memory_23_6> of sequential type is unconnected in block <Microprocessor>.
WARNING:Xst:2677 - Node <dm/memory_23_5> of sequential type is unconnected in block <Microprocessor>.
WARNING:Xst:2677 - Node <dm/memory_24_7> of sequential type is unconnected in block <Microprocessor>.
WARNING:Xst:2677 - Node <dm/memory_24_6> of sequential type is unconnected in block <Microprocessor>.
WARNING:Xst:2677 - Node <dm/memory_24_5> of sequential type is unconnected in block <Microprocessor>.
WARNING:Xst:2677 - Node <dm/memory_25_7> of sequential type is unconnected in block <Microprocessor>.
WARNING:Xst:2677 - Node <dm/memory_25_6> of sequential type is unconnected in block <Microprocessor>.
WARNING:Xst:2677 - Node <dm/memory_25_5> of sequential type is unconnected in block <Microprocessor>.
WARNING:Xst:2677 - Node <dm/memory_26_7> of sequential type is unconnected in block <Microprocessor>.
WARNING:Xst:2677 - Node <dm/memory_26_6> of sequential type is unconnected in block <Microprocessor>.
WARNING:Xst:2677 - Node <dm/memory_26_5> of sequential type is unconnected in block <Microprocessor>.
WARNING:Xst:2677 - Node <dm/memory_27_7> of sequential type is unconnected in block <Microprocessor>.
WARNING:Xst:2677 - Node <dm/memory_27_6> of sequential type is unconnected in block <Microprocessor>.
WARNING:Xst:2677 - Node <dm/memory_27_5> of sequential type is unconnected in block <Microprocessor>.
WARNING:Xst:2677 - Node <dm/memory_28_7> of sequential type is unconnected in block <Microprocessor>.
WARNING:Xst:2677 - Node <dm/memory_28_6> of sequential type is unconnected in block <Microprocessor>.
WARNING:Xst:2677 - Node <dm/memory_28_5> of sequential type is unconnected in block <Microprocessor>.
WARNING:Xst:2677 - Node <dm/memory_30_7> of sequential type is unconnected in block <Microprocessor>.
WARNING:Xst:2677 - Node <dm/memory_30_6> of sequential type is unconnected in block <Microprocessor>.
WARNING:Xst:2677 - Node <dm/memory_30_5> of sequential type is unconnected in block <Microprocessor>.
WARNING:Xst:2677 - Node <dm/memory_31_7> of sequential type is unconnected in block <Microprocessor>.
WARNING:Xst:2677 - Node <dm/memory_31_6> of sequential type is unconnected in block <Microprocessor>.
WARNING:Xst:2677 - Node <dm/memory_31_5> of sequential type is unconnected in block <Microprocessor>.
WARNING:Xst:2677 - Node <dm/memory_29_7> of sequential type is unconnected in block <Microprocessor>.
WARNING:Xst:2677 - Node <dm/memory_29_6> of sequential type is unconnected in block <Microprocessor>.
WARNING:Xst:2677 - Node <dm/memory_29_5> of sequential type is unconnected in block <Microprocessor>.
WARNING:Xst:1898 - Due to constant pushing, FF/Latch <dm/memory_4_0> is unconnected in block <Microprocessor>.
WARNING:Xst:1898 - Due to constant pushing, FF/Latch <dm/memory_8_0> is unconnected in block <Microprocessor>.
WARNING:Xst:1898 - Due to constant pushing, FF/Latch <dm/memory_12_0> is unconnected in block <Microprocessor>.
WARNING:Xst:1898 - Due to constant pushing, FF/Latch <dm/memory_4_1> is unconnected in block <Microprocessor>.
WARNING:Xst:1898 - Due to constant pushing, FF/Latch <dm/memory_8_1> is unconnected in block <Microprocessor>.
WARNING:Xst:1898 - Due to constant pushing, FF/Latch <dm/memory_12_1> is unconnected in block <Microprocessor>.
WARNING:Xst:1898 - Due to constant pushing, FF/Latch <dm/memory_0_2> is unconnected in block <Microprocessor>.
WARNING:Xst:1898 - Due to constant pushing, FF/Latch <dm/memory_4_2> is unconnected in block <Microprocessor>.
WARNING:Xst:1898 - Due to constant pushing, FF/Latch <dm/memory_8_2> is unconnected in block <Microprocessor>.
WARNING:Xst:1898 - Due to constant pushing, FF/Latch <dm/memory_12_2> is unconnected in block <Microprocessor>.
WARNING:Xst:1898 - Due to constant pushing, FF/Latch <dm/memory_0_3> is unconnected in block <Microprocessor>.
WARNING:Xst:1898 - Due to constant pushing, FF/Latch <dm/memory_1_3> is unconnected in block <Microprocessor>.
WARNING:Xst:1898 - Due to constant pushing, FF/Latch <dm/memory_4_3> is unconnected in block <Microprocessor>.
WARNING:Xst:1898 - Due to constant pushing, FF/Latch <dm/memory_8_3> is unconnected in block <Microprocessor>.
WARNING:Xst:1898 - Due to constant pushing, FF/Latch <dm/memory_12_3> is unconnected in block <Microprocessor>.
WARNING:Xst:1898 - Due to constant pushing, FF/Latch <dm/memory_0_4> is unconnected in block <Microprocessor>.
WARNING:Xst:1898 - Due to constant pushing, FF/Latch <dm/memory_4_4> is unconnected in block <Microprocessor>.
WARNING:Xst:1898 - Due to constant pushing, FF/Latch <dm/memory_8_4> is unconnected in block <Microprocessor>.
WARNING:Xst:1898 - Due to constant pushing, FF/Latch <dm/memory_12_4> is unconnected in block <Microprocessor>.
WARNING:Xst:1898 - Due to constant pushing, FF/Latch <rf/Mram_registers1> is unconnected in block <Microprocessor>.
WARNING:Xst:1898 - Due to constant pushing, FF/Latch <rf/Mram_registers_ren1> is unconnected in block <Microprocessor>.
WARNING:Xst:1898 - Due to constant pushing, FF/Latch <rf/Mram_registers2> is unconnected in block <Microprocessor>.
WARNING:Xst:1898 - Due to constant pushing, FF/Latch <rf/Mram_registers_ren2> is unconnected in block <Microprocessor>.
WARNING:Xst:1898 - Due to constant pushing, FF/Latch <rf/Mram_registers3> is unconnected in block <Microprocessor>.
WARNING:Xst:1898 - Due to constant pushing, FF/Latch <rf/Mram_registers_ren3> is unconnected in block <Microprocessor>.
WARNING:Xst:1898 - Due to constant pushing, FF/Latch <rf/Mram_registers4> is unconnected in block <Microprocessor>.
WARNING:Xst:1898 - Due to constant pushing, FF/Latch <rf/Mram_registers_ren4> is unconnected in block <Microprocessor>.
WARNING:Xst:1898 - Due to constant pushing, FF/Latch <rf/Mram_registers5> is unconnected in block <Microprocessor>.
WARNING:Xst:1898 - Due to constant pushing, FF/Latch <rf/Mram_registers_ren5> is unconnected in block <Microprocessor>.

Mapping all equations...
Building and optimizing final netlist ...
Found area constraint ratio of 100 (+ 5) on block Microprocessor, actual ratio is 0.

Final Macro Processing ...

=========================================================================
Final Register Report

Found no macro
=========================================================================

=========================================================================
*                           Partition Report                            *
=========================================================================

Partition Implementation Status
-------------------------------

  No Partitions were found in this design.

-------------------------------

=========================================================================
*                            Final Report                               *
=========================================================================
Final Results
RTL Top Level Output File Name     : Microprocessor.ngr
Top Level Output File Name         : Microprocessor
Output Format                      : NGC
Optimization Goal                  : Speed
Keep Hierarchy                     : No

Design Statistics
# IOs                              : 9

Cell Usage :
# BELS                             : 2
#      GND                         : 1
#      VCC                         : 1
# IO Buffers                       : 7
#      OBUF                        : 7
=========================================================================

Device utilization summary:
---------------------------

Selected Device : 3s50antqg144-4 

 Number of Slices:                        0  out of    704     0%  
 Number of IOs:                           9
 Number of bonded IOBs:                   7  out of    108     6%  

---------------------------
Partition Resource Summary:
---------------------------

  No Partitions were found in this design.

---------------------------


=========================================================================
TIMING REPORT

NOTE: THESE TIMING NUMBERS ARE ONLY A SYNTHESIS ESTIMATE.
      FOR ACCURATE TIMING INFORMATION PLEASE REFER TO THE TRACE REPORT
      GENERATED AFTER PLACE-and-ROUTE.

Clock Information:
------------------
No clock signals found in this design

Asynchronous Control Signals Information:
----------------------------------------
No asynchronous control signals found in this design

Timing Summary:
---------------
Speed Grade: -4

   Minimum period: No path found
   Minimum input arrival time before clock: No path found
   Maximum output required time after clock: No path found
   Maximum combinational path delay: No path found

Timing Detail:
--------------
All values displayed in nanoseconds (ns)

=========================================================================


Total REAL time to Xst completion: 12.00 secs
Total CPU time to Xst completion: 10.32 secs
 
--> 


Total memory usage is 512812 kilobytes

Number of errors   :    0 (   0 filtered)
Number of warnings :  277 (   0 filtered)
Number of infos    :    4 (   0 filtered)

